2018-10-15 11:14:01.111  INFO 3805 --- [main] c.s.m.MoviecruizerApplication            : Starting MoviecruizerApplication with PID 3805 (started by cgi in /home/cgi/Downloads/Movie MicroServices/moviecruizer)
2018-10-15 11:14:01.134  INFO 3805 --- [main] c.s.m.MoviecruizerApplication            : No active profile set, falling back to default profiles: default
2018-10-15 11:14:01.267  INFO 3805 --- [main] ConfigServletWebServerApplicationContext : Refreshing org.springframework.boot.web.servlet.context.AnnotationConfigServletWebServerApplicationContext@4bc222e: startup date [Mon Oct 15 11:14:01 IST 2018]; root of context hierarchy
2018-10-15 11:14:04.226  INFO 3805 --- [main] o.s.b.w.embedded.tomcat.TomcatWebServer  : Tomcat initialized with port(s): 8090 (http)
2018-10-15 11:14:04.258  INFO 3805 --- [main] o.apache.catalina.core.StandardService   : Starting service [Tomcat]
2018-10-15 11:14:04.259  INFO 3805 --- [main] org.apache.catalina.core.StandardEngine  : Starting Servlet Engine: Apache Tomcat/8.5.34
2018-10-15 11:14:04.270  INFO 3805 --- [localhost-startStop-1] o.a.catalina.core.AprLifecycleListener   : The APR based Apache Tomcat Native library which allows optimal performance in production environments was not found on the java.library.path: [/usr/java/packages/lib:/usr/lib64:/lib64:/lib:/usr/lib]
2018-10-15 11:14:04.391  INFO 3805 --- [localhost-startStop-1] o.a.c.c.C.[Tomcat].[localhost].[/]       : Initializing Spring embedded WebApplicationContext
2018-10-15 11:14:04.392  INFO 3805 --- [localhost-startStop-1] o.s.web.context.ContextLoader            : Root WebApplicationContext: initialization completed in 3125 ms
2018-10-15 11:14:04.484  INFO 3805 --- [localhost-startStop-1] o.s.b.w.servlet.ServletRegistrationBean  : Servlet webdavServlet mapped to [/console/*]
2018-10-15 11:14:04.485  INFO 3805 --- [localhost-startStop-1] o.s.b.w.servlet.ServletRegistrationBean  : Servlet dispatcherServlet mapped to [/]
2018-10-15 11:14:04.489  INFO 3805 --- [localhost-startStop-1] o.s.b.w.servlet.FilterRegistrationBean   : Mapping filter: 'characterEncodingFilter' to: [/*]
2018-10-15 11:14:04.489  INFO 3805 --- [localhost-startStop-1] o.s.b.w.servlet.FilterRegistrationBean   : Mapping filter: 'hiddenHttpMethodFilter' to: [/*]
2018-10-15 11:14:04.490  INFO 3805 --- [localhost-startStop-1] o.s.b.w.servlet.FilterRegistrationBean   : Mapping filter: 'httpPutFormContentFilter' to: [/*]
2018-10-15 11:14:04.490  INFO 3805 --- [localhost-startStop-1] o.s.b.w.servlet.FilterRegistrationBean   : Mapping filter: 'requestContextFilter' to: [/*]
2018-10-15 11:14:05.040  INFO 3805 --- [main] org.mongodb.driver.cluster               : Cluster created with settings {hosts=[localhost:27017], mode=SINGLE, requiredClusterType=UNKNOWN, serverSelectionTimeout='30000 ms', maxWaitQueueSize=500}
2018-10-15 11:14:05.140  INFO 3805 --- [cluster-ClusterId{value='5bc42925a8e8d30eddb280d7', description='null'}-localhost:27017] org.mongodb.driver.connection            : Opened connection [connectionId{localValue:1, serverValue:1}] to localhost:27017
2018-10-15 11:14:05.143  INFO 3805 --- [cluster-ClusterId{value='5bc42925a8e8d30eddb280d7', description='null'}-localhost:27017] org.mongodb.driver.cluster               : Monitor thread successfully connected to server with description ServerDescription{address=localhost:27017, type=STANDALONE, state=CONNECTED, ok=true, version=ServerVersion{versionList=[3, 2, 21]}, minWireVersion=0, maxWireVersion=4, maxDocumentSize=16777216, logicalSessionTimeoutMinutes=null, roundTripTimeNanos=1471982}
2018-10-15 11:14:06.300  INFO 3805 --- [main] s.w.s.m.m.a.RequestMappingHandlerMapping : Mapped "{[/api/v1/movie],methods=[POST]}" onto public org.springframework.http.ResponseEntity<?> com.stackroute.moviecruizer.controller.MovieController.saveMovie(com.stackroute.moviecruizer.domain.Movie)
2018-10-15 11:14:06.301  INFO 3805 --- [main] s.w.s.m.m.a.RequestMappingHandlerMapping : Mapped "{[/api/v1/movie],methods=[GET]}" onto public org.springframework.http.ResponseEntity<?> com.stackroute.moviecruizer.controller.MovieController.getAllMovies()
2018-10-15 11:14:06.302  INFO 3805 --- [main] s.w.s.m.m.a.RequestMappingHandlerMapping : Mapped "{[/api/v1/movie/{id}],methods=[PUT]}" onto public org.springframework.http.ResponseEntity<?> com.stackroute.moviecruizer.controller.MovieController.updateMovie(java.lang.Integer,com.stackroute.moviecruizer.domain.Movie)
2018-10-15 11:14:06.303  INFO 3805 --- [main] s.w.s.m.m.a.RequestMappingHandlerMapping : Mapped "{[/api/v1/movie/{id}],methods=[GET]}" onto public org.springframework.http.ResponseEntity<?> com.stackroute.moviecruizer.controller.MovieController.fetchMovieById(int)
2018-10-15 11:14:06.304  INFO 3805 --- [main] s.w.s.m.m.a.RequestMappingHandlerMapping : Mapped "{[/api/v1/movie/{id}],methods=[DELETE]}" onto public org.springframework.http.ResponseEntity<?> com.stackroute.moviecruizer.controller.MovieController.deleteMovieById(int)
2018-10-15 11:14:06.312  INFO 3805 --- [main] s.w.s.m.m.a.RequestMappingHandlerMapping : Mapped "{[/swagger-resources/configuration/security]}" onto public org.springframework.http.ResponseEntity<springfox.documentation.swagger.web.SecurityConfiguration> springfox.documentation.swagger.web.ApiResourceController.securityConfiguration()
2018-10-15 11:14:06.313  INFO 3805 --- [main] s.w.s.m.m.a.RequestMappingHandlerMapping : Mapped "{[/swagger-resources]}" onto public org.springframework.http.ResponseEntity<java.util.List<springfox.documentation.swagger.web.SwaggerResource>> springfox.documentation.swagger.web.ApiResourceController.swaggerResources()
2018-10-15 11:14:06.315  INFO 3805 --- [main] s.w.s.m.m.a.RequestMappingHandlerMapping : Mapped "{[/swagger-resources/configuration/ui]}" onto public org.springframework.http.ResponseEntity<springfox.documentation.swagger.web.UiConfiguration> springfox.documentation.swagger.web.ApiResourceController.uiConfiguration()
2018-10-15 11:14:06.323  INFO 3805 --- [main] s.w.s.m.m.a.RequestMappingHandlerMapping : Mapped "{[/error],produces=[text/html]}" onto public org.springframework.web.servlet.ModelAndView org.springframework.boot.autoconfigure.web.servlet.error.BasicErrorController.errorHtml(javax.servlet.http.HttpServletRequest,javax.servlet.http.HttpServletResponse)
2018-10-15 11:14:06.324  INFO 3805 --- [main] s.w.s.m.m.a.RequestMappingHandlerMapping : Mapped "{[/error]}" onto public org.springframework.http.ResponseEntity<java.util.Map<java.lang.String, java.lang.Object>> org.springframework.boot.autoconfigure.web.servlet.error.BasicErrorController.error(javax.servlet.http.HttpServletRequest)
2018-10-15 11:14:06.551  INFO 3805 --- [main] pertySourcedRequestMappingHandlerMapping : Mapped URL path [/v2/api-docs] onto method [public org.springframework.http.ResponseEntity<springfox.documentation.spring.web.json.Json> springfox.documentation.swagger2.web.Swagger2Controller.getDocumentation(java.lang.String,javax.servlet.http.HttpServletRequest)]
2018-10-15 11:14:06.665  INFO 3805 --- [main] o.s.w.s.handler.SimpleUrlHandlerMapping  : Mapped URL path [/**/favicon.ico] onto handler of type [class org.springframework.web.servlet.resource.ResourceHttpRequestHandler]
2018-10-15 11:14:06.891  INFO 3805 --- [main] s.w.s.m.m.a.RequestMappingHandlerAdapter : Looking for @ControllerAdvice: org.springframework.boot.web.servlet.context.AnnotationConfigServletWebServerApplicationContext@4bc222e: startup date [Mon Oct 15 11:14:01 IST 2018]; root of context hierarchy
2018-10-15 11:14:06.964  INFO 3805 --- [main] o.s.w.s.handler.SimpleUrlHandlerMapping  : Mapped URL path [/webjars/**] onto handler of type [class org.springframework.web.servlet.resource.ResourceHttpRequestHandler]
2018-10-15 11:14:06.964  INFO 3805 --- [main] o.s.w.s.handler.SimpleUrlHandlerMapping  : Mapped URL path [/**] onto handler of type [class org.springframework.web.servlet.resource.ResourceHttpRequestHandler]
2018-10-15 11:14:07.191  INFO 3805 --- [main] o.s.j.e.a.AnnotationMBeanExporter        : Registering beans for JMX exposure on startup
2018-10-15 11:14:07.203  INFO 3805 --- [main] o.s.c.support.DefaultLifecycleProcessor  : Starting beans in phase 2147483647
2018-10-15 11:14:07.204  INFO 3805 --- [main] d.s.w.p.DocumentationPluginsBootstrapper : Context refreshed
2018-10-15 11:14:07.227  INFO 3805 --- [main] d.s.w.p.DocumentationPluginsBootstrapper : Found 1 custom documentation plugin(s)
2018-10-15 11:14:07.263  INFO 3805 --- [main] s.d.s.w.s.ApiListingReferenceScanner     : Scanning for api listing references
2018-10-15 11:14:07.563  INFO 3805 --- [main] o.s.b.w.embedded.tomcat.TomcatWebServer  : Tomcat started on port(s): 8090 (http) with context path ''
2018-10-15 11:14:07.568  INFO 3805 --- [main] c.s.m.MoviecruizerApplication            : Started MoviecruizerApplication in 7.703 seconds (JVM running for 8.74)
2018-10-15 11:14:59.304  INFO 3805 --- [http-nio-8090-exec-1] o.a.c.c.C.[Tomcat].[localhost].[/]       : Initializing Spring FrameworkServlet 'dispatcherServlet'
2018-10-15 11:14:59.304  INFO 3805 --- [http-nio-8090-exec-1] o.s.web.servlet.DispatcherServlet        : FrameworkServlet 'dispatcherServlet': initialization started
2018-10-15 11:14:59.324  INFO 3805 --- [http-nio-8090-exec-1] o.s.web.servlet.DispatcherServlet        : FrameworkServlet 'dispatcherServlet': initialization completed in 19 ms
2018-10-15 11:14:59.427  INFO 3805 --- [http-nio-8090-exec-1] c.s.m.controller.MovieController         : post mapping movie
2018-10-15 11:14:59.427  INFO 3805 --- [http-nio-8090-exec-1] c.s.m.service.MovieServiceImpl           : Save a movie function in impl1
2018-10-15 11:14:59.592  INFO 3805 --- [http-nio-8090-exec-1] org.mongodb.driver.connection            : Opened connection [connectionId{localValue:2, serverValue:2}] to localhost:27017
2018-10-15 11:17:11.366  INFO 3805 --- [Thread-2] ConfigServletWebServerApplicationContext : Closing org.springframework.boot.web.servlet.context.AnnotationConfigServletWebServerApplicationContext@4bc222e: startup date [Mon Oct 15 11:14:01 IST 2018]; root of context hierarchy
2018-10-15 11:17:11.369  INFO 3805 --- [Thread-2] o.s.c.support.DefaultLifecycleProcessor  : Stopping beans in phase 2147483647
2018-10-15 11:17:11.371  INFO 3805 --- [Thread-2] o.s.j.e.a.AnnotationMBeanExporter        : Unregistering JMX-exposed beans on shutdown
2018-10-15 11:17:11.380  INFO 3805 --- [Thread-2] org.mongodb.driver.connection            : Closed connection [connectionId{localValue:2, serverValue:2}] to localhost:27017 because the pool has been closed.
2018-10-15 11:18:18.565  INFO 5604 --- [main] c.s.m.MoviecruizerApplication            : Starting MoviecruizerApplication with PID 5604 (started by cgi in /home/cgi/Downloads/Movie MicroServices/moviecruizer)
2018-10-15 11:18:18.569  INFO 5604 --- [main] c.s.m.MoviecruizerApplication            : No active profile set, falling back to default profiles: default
2018-10-15 11:18:18.690  INFO 5604 --- [main] ConfigServletWebServerApplicationContext : Refreshing org.springframework.boot.web.servlet.context.AnnotationConfigServletWebServerApplicationContext@19976a65: startup date [Mon Oct 15 11:18:18 IST 2018]; root of context hierarchy
2018-10-15 11:18:22.021  INFO 5604 --- [main] o.s.b.w.embedded.tomcat.TomcatWebServer  : Tomcat initialized with port(s): 8090 (http)
2018-10-15 11:18:22.056  INFO 5604 --- [main] o.apache.catalina.core.StandardService   : Starting service [Tomcat]
2018-10-15 11:18:22.057  INFO 5604 --- [main] org.apache.catalina.core.StandardEngine  : Starting Servlet Engine: Apache Tomcat/8.5.34
2018-10-15 11:18:22.070  INFO 5604 --- [localhost-startStop-1] o.a.catalina.core.AprLifecycleListener   : The APR based Apache Tomcat Native library which allows optimal performance in production environments was not found on the java.library.path: [/usr/java/packages/lib:/usr/lib64:/lib64:/lib:/usr/lib]
2018-10-15 11:18:22.173  INFO 5604 --- [localhost-startStop-1] o.a.c.c.C.[Tomcat].[localhost].[/]       : Initializing Spring embedded WebApplicationContext
2018-10-15 11:18:22.173  INFO 5604 --- [localhost-startStop-1] o.s.web.context.ContextLoader            : Root WebApplicationContext: initialization completed in 3483 ms
2018-10-15 11:18:22.257  INFO 5604 --- [localhost-startStop-1] o.s.b.w.servlet.ServletRegistrationBean  : Servlet webdavServlet mapped to [/console/*]
2018-10-15 11:18:22.259  INFO 5604 --- [localhost-startStop-1] o.s.b.w.servlet.ServletRegistrationBean  : Servlet dispatcherServlet mapped to [/]
2018-10-15 11:18:22.263  INFO 5604 --- [localhost-startStop-1] o.s.b.w.servlet.FilterRegistrationBean   : Mapping filter: 'characterEncodingFilter' to: [/*]
2018-10-15 11:18:22.263  INFO 5604 --- [localhost-startStop-1] o.s.b.w.servlet.FilterRegistrationBean   : Mapping filter: 'hiddenHttpMethodFilter' to: [/*]
2018-10-15 11:18:22.264  INFO 5604 --- [localhost-startStop-1] o.s.b.w.servlet.FilterRegistrationBean   : Mapping filter: 'httpPutFormContentFilter' to: [/*]
2018-10-15 11:18:22.264  INFO 5604 --- [localhost-startStop-1] o.s.b.w.servlet.FilterRegistrationBean   : Mapping filter: 'requestContextFilter' to: [/*]
2018-10-15 11:18:22.702  INFO 5604 --- [main] org.mongodb.driver.cluster               : Cluster created with settings {hosts=[localhost:27017], mode=SINGLE, requiredClusterType=UNKNOWN, serverSelectionTimeout='30000 ms', maxWaitQueueSize=500}
2018-10-15 11:18:22.779  INFO 5604 --- [cluster-ClusterId{value='5bc42a26a8e8d315e429d04b', description='null'}-localhost:27017] org.mongodb.driver.connection            : Opened connection [connectionId{localValue:1, serverValue:4}] to localhost:27017
2018-10-15 11:18:22.782  INFO 5604 --- [cluster-ClusterId{value='5bc42a26a8e8d315e429d04b', description='null'}-localhost:27017] org.mongodb.driver.cluster               : Monitor thread successfully connected to server with description ServerDescription{address=localhost:27017, type=STANDALONE, state=CONNECTED, ok=true, version=ServerVersion{versionList=[3, 2, 21]}, minWireVersion=0, maxWireVersion=4, maxDocumentSize=16777216, logicalSessionTimeoutMinutes=null, roundTripTimeNanos=1474322}
2018-10-15 11:18:23.591  INFO 5604 --- [main] s.w.s.m.m.a.RequestMappingHandlerMapping : Mapped "{[/api/v1/movie],methods=[POST]}" onto public org.springframework.http.ResponseEntity<?> com.stackroute.moviecruizer.controller.MovieController.saveMovie(com.stackroute.moviecruizer.domain.Movie)
2018-10-15 11:18:23.592  INFO 5604 --- [main] s.w.s.m.m.a.RequestMappingHandlerMapping : Mapped "{[/api/v1/movie],methods=[GET]}" onto public org.springframework.http.ResponseEntity<?> com.stackroute.moviecruizer.controller.MovieController.getAllMovies()
2018-10-15 11:18:23.593  INFO 5604 --- [main] s.w.s.m.m.a.RequestMappingHandlerMapping : Mapped "{[/api/v1/movie/{id}],methods=[PUT]}" onto public org.springframework.http.ResponseEntity<?> com.stackroute.moviecruizer.controller.MovieController.updateMovie(java.lang.Integer,com.stackroute.moviecruizer.domain.Movie)
2018-10-15 11:18:23.594  INFO 5604 --- [main] s.w.s.m.m.a.RequestMappingHandlerMapping : Mapped "{[/api/v1/movie/{id}],methods=[GET]}" onto public org.springframework.http.ResponseEntity<?> com.stackroute.moviecruizer.controller.MovieController.fetchMovieById(int)
2018-10-15 11:18:23.594  INFO 5604 --- [main] s.w.s.m.m.a.RequestMappingHandlerMapping : Mapped "{[/api/v1/movie/{id}],methods=[DELETE]}" onto public org.springframework.http.ResponseEntity<?> com.stackroute.moviecruizer.controller.MovieController.deleteMovieById(int)
2018-10-15 11:18:23.601  INFO 5604 --- [main] s.w.s.m.m.a.RequestMappingHandlerMapping : Mapped "{[/swagger-resources/configuration/ui]}" onto public org.springframework.http.ResponseEntity<springfox.documentation.swagger.web.UiConfiguration> springfox.documentation.swagger.web.ApiResourceController.uiConfiguration()
2018-10-15 11:18:23.602  INFO 5604 --- [main] s.w.s.m.m.a.RequestMappingHandlerMapping : Mapped "{[/swagger-resources/configuration/security]}" onto public org.springframework.http.ResponseEntity<springfox.documentation.swagger.web.SecurityConfiguration> springfox.documentation.swagger.web.ApiResourceController.securityConfiguration()
2018-10-15 11:18:23.603  INFO 5604 --- [main] s.w.s.m.m.a.RequestMappingHandlerMapping : Mapped "{[/swagger-resources]}" onto public org.springframework.http.ResponseEntity<java.util.List<springfox.documentation.swagger.web.SwaggerResource>> springfox.documentation.swagger.web.ApiResourceController.swaggerResources()
2018-10-15 11:18:23.610  INFO 5604 --- [main] s.w.s.m.m.a.RequestMappingHandlerMapping : Mapped "{[/error],produces=[text/html]}" onto public org.springframework.web.servlet.ModelAndView org.springframework.boot.autoconfigure.web.servlet.error.BasicErrorController.errorHtml(javax.servlet.http.HttpServletRequest,javax.servlet.http.HttpServletResponse)
2018-10-15 11:18:23.611  INFO 5604 --- [main] s.w.s.m.m.a.RequestMappingHandlerMapping : Mapped "{[/error]}" onto public org.springframework.http.ResponseEntity<java.util.Map<java.lang.String, java.lang.Object>> org.springframework.boot.autoconfigure.web.servlet.error.BasicErrorController.error(javax.servlet.http.HttpServletRequest)
2018-10-15 11:18:23.893  INFO 5604 --- [main] pertySourcedRequestMappingHandlerMapping : Mapped URL path [/v2/api-docs] onto method [public org.springframework.http.ResponseEntity<springfox.documentation.spring.web.json.Json> springfox.documentation.swagger2.web.Swagger2Controller.getDocumentation(java.lang.String,javax.servlet.http.HttpServletRequest)]
2018-10-15 11:18:24.020  INFO 5604 --- [main] o.s.w.s.handler.SimpleUrlHandlerMapping  : Mapped URL path [/**/favicon.ico] onto handler of type [class org.springframework.web.servlet.resource.ResourceHttpRequestHandler]
2018-10-15 11:18:24.263  INFO 5604 --- [main] s.w.s.m.m.a.RequestMappingHandlerAdapter : Looking for @ControllerAdvice: org.springframework.boot.web.servlet.context.AnnotationConfigServletWebServerApplicationContext@19976a65: startup date [Mon Oct 15 11:18:18 IST 2018]; root of context hierarchy
2018-10-15 11:18:24.405  INFO 5604 --- [main] o.s.w.s.handler.SimpleUrlHandlerMapping  : Mapped URL path [/webjars/**] onto handler of type [class org.springframework.web.servlet.resource.ResourceHttpRequestHandler]
2018-10-15 11:18:24.406  INFO 5604 --- [main] o.s.w.s.handler.SimpleUrlHandlerMapping  : Mapped URL path [/**] onto handler of type [class org.springframework.web.servlet.resource.ResourceHttpRequestHandler]
2018-10-15 11:18:25.049  INFO 5604 --- [main] o.s.j.e.a.AnnotationMBeanExporter        : Registering beans for JMX exposure on startup
2018-10-15 11:18:25.077  INFO 5604 --- [main] o.s.c.support.DefaultLifecycleProcessor  : Starting beans in phase 2147483647
2018-10-15 11:18:25.077  INFO 5604 --- [main] d.s.w.p.DocumentationPluginsBootstrapper : Context refreshed
2018-10-15 11:18:25.116  INFO 5604 --- [main] d.s.w.p.DocumentationPluginsBootstrapper : Found 1 custom documentation plugin(s)
2018-10-15 11:18:25.179  INFO 5604 --- [main] s.d.s.w.s.ApiListingReferenceScanner     : Scanning for api listing references
2018-10-15 11:18:25.782  INFO 5604 --- [main] o.s.b.w.embedded.tomcat.TomcatWebServer  : Tomcat started on port(s): 8090 (http) with context path ''
2018-10-15 11:18:25.790  INFO 5604 --- [main] c.s.m.MoviecruizerApplication            : Started MoviecruizerApplication in 8.861 seconds (JVM running for 10.259)
2018-10-15 11:19:47.327  INFO 5604 --- [Thread-2] ConfigServletWebServerApplicationContext : Closing org.springframework.boot.web.servlet.context.AnnotationConfigServletWebServerApplicationContext@19976a65: startup date [Mon Oct 15 11:18:18 IST 2018]; root of context hierarchy
2018-10-15 11:19:47.346  INFO 5604 --- [Thread-2] o.s.c.support.DefaultLifecycleProcessor  : Stopping beans in phase 2147483647
2018-10-15 11:19:47.349  INFO 5604 --- [Thread-2] o.s.j.e.a.AnnotationMBeanExporter        : Unregistering JMX-exposed beans on shutdown
2018-10-15 11:22:47.164  INFO 7155 --- [main] c.s.m.MoviecruizerApplication            : Starting MoviecruizerApplication with PID 7155 (started by cgi in /home/cgi/Downloads/Movie MicroServices/moviecruizer)
2018-10-15 11:22:47.166  INFO 7155 --- [main] c.s.m.MoviecruizerApplication            : No active profile set, falling back to default profiles: default
2018-10-15 11:22:47.316  INFO 7155 --- [main] ConfigServletWebServerApplicationContext : Refreshing org.springframework.boot.web.servlet.context.AnnotationConfigServletWebServerApplicationContext@471a9022: startup date [Mon Oct 15 11:22:47 IST 2018]; root of context hierarchy
2018-10-15 11:22:51.839  INFO 7155 --- [main] o.s.b.w.embedded.tomcat.TomcatWebServer  : Tomcat initialized with port(s): 8090 (http)
2018-10-15 11:22:51.921  INFO 7155 --- [main] o.apache.catalina.core.StandardService   : Starting service [Tomcat]
2018-10-15 11:22:51.921  INFO 7155 --- [main] org.apache.catalina.core.StandardEngine  : Starting Servlet Engine: Apache Tomcat/8.5.34
2018-10-15 11:22:51.981  INFO 7155 --- [localhost-startStop-1] o.a.catalina.core.AprLifecycleListener   : The APR based Apache Tomcat Native library which allows optimal performance in production environments was not found on the java.library.path: [/usr/java/packages/lib:/usr/lib64:/lib64:/lib:/usr/lib]
2018-10-15 11:22:52.312  INFO 7155 --- [localhost-startStop-1] o.a.c.c.C.[Tomcat].[localhost].[/]       : Initializing Spring embedded WebApplicationContext
2018-10-15 11:22:52.315  INFO 7155 --- [localhost-startStop-1] o.s.web.context.ContextLoader            : Root WebApplicationContext: initialization completed in 4999 ms
2018-10-15 11:22:52.559  INFO 7155 --- [localhost-startStop-1] o.s.b.w.servlet.ServletRegistrationBean  : Servlet webdavServlet mapped to [/console/*]
2018-10-15 11:22:52.562  INFO 7155 --- [localhost-startStop-1] o.s.b.w.servlet.ServletRegistrationBean  : Servlet dispatcherServlet mapped to [/]
2018-10-15 11:22:52.568  INFO 7155 --- [localhost-startStop-1] o.s.b.w.servlet.FilterRegistrationBean   : Mapping filter: 'characterEncodingFilter' to: [/*]
2018-10-15 11:22:52.573  INFO 7155 --- [localhost-startStop-1] o.s.b.w.servlet.FilterRegistrationBean   : Mapping filter: 'hiddenHttpMethodFilter' to: [/*]
2018-10-15 11:22:52.573  INFO 7155 --- [localhost-startStop-1] o.s.b.w.servlet.FilterRegistrationBean   : Mapping filter: 'httpPutFormContentFilter' to: [/*]
2018-10-15 11:22:52.573  INFO 7155 --- [localhost-startStop-1] o.s.b.w.servlet.FilterRegistrationBean   : Mapping filter: 'requestContextFilter' to: [/*]
2018-10-15 11:22:53.442  INFO 7155 --- [main] org.mongodb.driver.cluster               : Cluster created with settings {hosts=[localhost:27017], mode=SINGLE, requiredClusterType=UNKNOWN, serverSelectionTimeout='30000 ms', maxWaitQueueSize=500}
2018-10-15 11:22:53.597  INFO 7155 --- [cluster-ClusterId{value='5bc42b35a8e8d31bf39b5e92', description='null'}-localhost:27017] org.mongodb.driver.connection            : Opened connection [connectionId{localValue:1, serverValue:6}] to localhost:27017
2018-10-15 11:22:53.612  INFO 7155 --- [cluster-ClusterId{value='5bc42b35a8e8d31bf39b5e92', description='null'}-localhost:27017] org.mongodb.driver.cluster               : Monitor thread successfully connected to server with description ServerDescription{address=localhost:27017, type=STANDALONE, state=CONNECTED, ok=true, version=ServerVersion{versionList=[3, 2, 21]}, minWireVersion=0, maxWireVersion=4, maxDocumentSize=16777216, logicalSessionTimeoutMinutes=null, roundTripTimeNanos=2356773}
2018-10-15 11:22:55.762  INFO 7155 --- [main] s.w.s.m.m.a.RequestMappingHandlerMapping : Mapped "{[/api/v1/movie],methods=[POST]}" onto public org.springframework.http.ResponseEntity<?> com.stackroute.moviecruizer.controller.MovieController.saveMovie(com.stackroute.moviecruizer.domain.Movie)
2018-10-15 11:22:55.763  INFO 7155 --- [main] s.w.s.m.m.a.RequestMappingHandlerMapping : Mapped "{[/api/v1/movie],methods=[GET]}" onto public org.springframework.http.ResponseEntity<?> com.stackroute.moviecruizer.controller.MovieController.getAllMovies()
2018-10-15 11:22:55.768  INFO 7155 --- [main] s.w.s.m.m.a.RequestMappingHandlerMapping : Mapped "{[/api/v1/movie/{id}],methods=[PUT]}" onto public org.springframework.http.ResponseEntity<?> com.stackroute.moviecruizer.controller.MovieController.updateMovie(java.lang.Integer,com.stackroute.moviecruizer.domain.Movie)
2018-10-15 11:22:55.770  INFO 7155 --- [main] s.w.s.m.m.a.RequestMappingHandlerMapping : Mapped "{[/api/v1/movie/{id}],methods=[GET]}" onto public org.springframework.http.ResponseEntity<?> com.stackroute.moviecruizer.controller.MovieController.fetchMovieById(int)
2018-10-15 11:22:55.771  INFO 7155 --- [main] s.w.s.m.m.a.RequestMappingHandlerMapping : Mapped "{[/api/v1/movie/{id}],methods=[DELETE]}" onto public org.springframework.http.ResponseEntity<?> com.stackroute.moviecruizer.controller.MovieController.deleteMovieById(int)
2018-10-15 11:22:55.785  INFO 7155 --- [main] s.w.s.m.m.a.RequestMappingHandlerMapping : Mapped "{[/swagger-resources/configuration/ui]}" onto public org.springframework.http.ResponseEntity<springfox.documentation.swagger.web.UiConfiguration> springfox.documentation.swagger.web.ApiResourceController.uiConfiguration()
2018-10-15 11:22:55.787  INFO 7155 --- [main] s.w.s.m.m.a.RequestMappingHandlerMapping : Mapped "{[/swagger-resources/configuration/security]}" onto public org.springframework.http.ResponseEntity<springfox.documentation.swagger.web.SecurityConfiguration> springfox.documentation.swagger.web.ApiResourceController.securityConfiguration()
2018-10-15 11:22:55.788  INFO 7155 --- [main] s.w.s.m.m.a.RequestMappingHandlerMapping : Mapped "{[/swagger-resources]}" onto public org.springframework.http.ResponseEntity<java.util.List<springfox.documentation.swagger.web.SwaggerResource>> springfox.documentation.swagger.web.ApiResourceController.swaggerResources()
2018-10-15 11:22:55.826  INFO 7155 --- [main] s.w.s.m.m.a.RequestMappingHandlerMapping : Mapped "{[/error]}" onto public org.springframework.http.ResponseEntity<java.util.Map<java.lang.String, java.lang.Object>> org.springframework.boot.autoconfigure.web.servlet.error.BasicErrorController.error(javax.servlet.http.HttpServletRequest)
2018-10-15 11:22:55.827  INFO 7155 --- [main] s.w.s.m.m.a.RequestMappingHandlerMapping : Mapped "{[/error],produces=[text/html]}" onto public org.springframework.web.servlet.ModelAndView org.springframework.boot.autoconfigure.web.servlet.error.BasicErrorController.errorHtml(javax.servlet.http.HttpServletRequest,javax.servlet.http.HttpServletResponse)
2018-10-15 11:22:56.165  INFO 7155 --- [main] pertySourcedRequestMappingHandlerMapping : Mapped URL path [/v2/api-docs] onto method [public org.springframework.http.ResponseEntity<springfox.documentation.spring.web.json.Json> springfox.documentation.swagger2.web.Swagger2Controller.getDocumentation(java.lang.String,javax.servlet.http.HttpServletRequest)]
2018-10-15 11:22:56.336  INFO 7155 --- [main] o.s.w.s.handler.SimpleUrlHandlerMapping  : Mapped URL path [/**/favicon.ico] onto handler of type [class org.springframework.web.servlet.resource.ResourceHttpRequestHandler]
2018-10-15 11:22:56.660  INFO 7155 --- [main] s.w.s.m.m.a.RequestMappingHandlerAdapter : Looking for @ControllerAdvice: org.springframework.boot.web.servlet.context.AnnotationConfigServletWebServerApplicationContext@471a9022: startup date [Mon Oct 15 11:22:47 IST 2018]; root of context hierarchy
2018-10-15 11:22:56.813  INFO 7155 --- [main] o.s.w.s.handler.SimpleUrlHandlerMapping  : Mapped URL path [/webjars/**] onto handler of type [class org.springframework.web.servlet.resource.ResourceHttpRequestHandler]
2018-10-15 11:22:56.815  INFO 7155 --- [main] o.s.w.s.handler.SimpleUrlHandlerMapping  : Mapped URL path [/**] onto handler of type [class org.springframework.web.servlet.resource.ResourceHttpRequestHandler]
2018-10-15 11:22:57.403  INFO 7155 --- [main] o.s.j.e.a.AnnotationMBeanExporter        : Registering beans for JMX exposure on startup
2018-10-15 11:22:57.447  INFO 7155 --- [main] o.s.c.support.DefaultLifecycleProcessor  : Starting beans in phase 2147483647
2018-10-15 11:22:57.452  INFO 7155 --- [main] d.s.w.p.DocumentationPluginsBootstrapper : Context refreshed
2018-10-15 11:22:57.522  INFO 7155 --- [main] d.s.w.p.DocumentationPluginsBootstrapper : Found 1 custom documentation plugin(s)
2018-10-15 11:22:57.611  INFO 7155 --- [main] s.d.s.w.s.ApiListingReferenceScanner     : Scanning for api listing references
2018-10-15 11:22:58.298  INFO 7155 --- [main] o.s.b.w.embedded.tomcat.TomcatWebServer  : Tomcat started on port(s): 8090 (http) with context path ''
2018-10-15 11:22:58.314  INFO 7155 --- [main] c.s.m.MoviecruizerApplication            : Started MoviecruizerApplication in 12.569 seconds (JVM running for 13.465)
2018-10-15 11:23:14.207  INFO 7155 --- [http-nio-8090-exec-1] o.a.c.c.C.[Tomcat].[localhost].[/]       : Initializing Spring FrameworkServlet 'dispatcherServlet'
2018-10-15 11:23:14.208  INFO 7155 --- [http-nio-8090-exec-1] o.s.web.servlet.DispatcherServlet        : FrameworkServlet 'dispatcherServlet': initialization started
2018-10-15 11:23:14.229  INFO 7155 --- [http-nio-8090-exec-1] o.s.web.servlet.DispatcherServlet        : FrameworkServlet 'dispatcherServlet': initialization completed in 20 ms
2018-10-15 11:23:14.334  INFO 7155 --- [http-nio-8090-exec-1] c.s.m.controller.MovieController         : post mapping movie
2018-10-15 11:23:14.335  INFO 7155 --- [http-nio-8090-exec-1] c.s.m.service.MovieServiceImpl           : Save a movie function in impl1
2018-10-15 11:23:14.382  INFO 7155 --- [http-nio-8090-exec-1] org.mongodb.driver.connection            : Opened connection [connectionId{localValue:2, serverValue:7}] to localhost:27017
2018-10-15 11:25:19.848  INFO 7155 --- [Thread-2] ConfigServletWebServerApplicationContext : Closing org.springframework.boot.web.servlet.context.AnnotationConfigServletWebServerApplicationContext@471a9022: startup date [Mon Oct 15 11:22:47 IST 2018]; root of context hierarchy
2018-10-15 11:25:19.863  INFO 7155 --- [Thread-2] o.s.c.support.DefaultLifecycleProcessor  : Stopping beans in phase 2147483647
2018-10-15 11:25:19.864  INFO 7155 --- [Thread-2] o.s.j.e.a.AnnotationMBeanExporter        : Unregistering JMX-exposed beans on shutdown
2018-10-15 11:25:19.870  INFO 7155 --- [Thread-2] org.mongodb.driver.connection            : Closed connection [connectionId{localValue:2, serverValue:7}] to localhost:27017 because the pool has been closed.
2018-10-15 11:25:30.092  INFO 7995 --- [main] c.s.m.MoviecruizerApplication            : Starting MoviecruizerApplication with PID 7995 (started by cgi in /home/cgi/Downloads/Movie MicroServices/moviecruizer)
2018-10-15 11:25:30.094  INFO 7995 --- [main] c.s.m.MoviecruizerApplication            : No active profile set, falling back to default profiles: default
2018-10-15 11:25:30.261  INFO 7995 --- [main] ConfigServletWebServerApplicationContext : Refreshing org.springframework.boot.web.servlet.context.AnnotationConfigServletWebServerApplicationContext@19976a65: startup date [Mon Oct 15 11:25:30 IST 2018]; root of context hierarchy
2018-10-15 11:25:33.342  INFO 7995 --- [main] o.s.b.w.embedded.tomcat.TomcatWebServer  : Tomcat initialized with port(s): 8090 (http)
2018-10-15 11:25:33.375  INFO 7995 --- [main] o.apache.catalina.core.StandardService   : Starting service [Tomcat]
2018-10-15 11:25:33.376  INFO 7995 --- [main] org.apache.catalina.core.StandardEngine  : Starting Servlet Engine: Apache Tomcat/8.5.34
2018-10-15 11:25:33.387  INFO 7995 --- [localhost-startStop-1] o.a.catalina.core.AprLifecycleListener   : The APR based Apache Tomcat Native library which allows optimal performance in production environments was not found on the java.library.path: [/usr/java/packages/lib:/usr/lib64:/lib64:/lib:/usr/lib]
2018-10-15 11:25:33.504  INFO 7995 --- [localhost-startStop-1] o.a.c.c.C.[Tomcat].[localhost].[/]       : Initializing Spring embedded WebApplicationContext
2018-10-15 11:25:33.505  INFO 7995 --- [localhost-startStop-1] o.s.web.context.ContextLoader            : Root WebApplicationContext: initialization completed in 3244 ms
2018-10-15 11:25:33.612  INFO 7995 --- [localhost-startStop-1] o.s.b.w.servlet.ServletRegistrationBean  : Servlet webdavServlet mapped to [/console/*]
2018-10-15 11:25:33.614  INFO 7995 --- [localhost-startStop-1] o.s.b.w.servlet.ServletRegistrationBean  : Servlet dispatcherServlet mapped to [/]
2018-10-15 11:25:33.618  INFO 7995 --- [localhost-startStop-1] o.s.b.w.servlet.FilterRegistrationBean   : Mapping filter: 'characterEncodingFilter' to: [/*]
2018-10-15 11:25:33.619  INFO 7995 --- [localhost-startStop-1] o.s.b.w.servlet.FilterRegistrationBean   : Mapping filter: 'hiddenHttpMethodFilter' to: [/*]
2018-10-15 11:25:33.619  INFO 7995 --- [localhost-startStop-1] o.s.b.w.servlet.FilterRegistrationBean   : Mapping filter: 'httpPutFormContentFilter' to: [/*]
2018-10-15 11:25:33.619  INFO 7995 --- [localhost-startStop-1] o.s.b.w.servlet.FilterRegistrationBean   : Mapping filter: 'requestContextFilter' to: [/*]
2018-10-15 11:25:34.034  INFO 7995 --- [main] org.mongodb.driver.cluster               : Cluster created with settings {hosts=[localhost:27017], mode=SINGLE, requiredClusterType=UNKNOWN, serverSelectionTimeout='30000 ms', maxWaitQueueSize=500}
2018-10-15 11:25:34.104  INFO 7995 --- [cluster-ClusterId{value='5bc42bd6a8e8d31f3b6c8c07', description='null'}-localhost:27017] org.mongodb.driver.connection            : Opened connection [connectionId{localValue:1, serverValue:9}] to localhost:27017
2018-10-15 11:25:34.107  INFO 7995 --- [cluster-ClusterId{value='5bc42bd6a8e8d31f3b6c8c07', description='null'}-localhost:27017] org.mongodb.driver.cluster               : Monitor thread successfully connected to server with description ServerDescription{address=localhost:27017, type=STANDALONE, state=CONNECTED, ok=true, version=ServerVersion{versionList=[3, 2, 21]}, minWireVersion=0, maxWireVersion=4, maxDocumentSize=16777216, logicalSessionTimeoutMinutes=null, roundTripTimeNanos=1337008}
2018-10-15 11:25:35.153  INFO 7995 --- [main] s.w.s.m.m.a.RequestMappingHandlerMapping : Mapped "{[/api/v1/movie],methods=[POST]}" onto public org.springframework.http.ResponseEntity<?> com.stackroute.moviecruizer.controller.MovieController.saveMovie(com.stackroute.moviecruizer.domain.Movie)
2018-10-15 11:25:35.155  INFO 7995 --- [main] s.w.s.m.m.a.RequestMappingHandlerMapping : Mapped "{[/api/v1/movie],methods=[GET]}" onto public org.springframework.http.ResponseEntity<?> com.stackroute.moviecruizer.controller.MovieController.getAllMovies()
2018-10-15 11:25:35.156  INFO 7995 --- [main] s.w.s.m.m.a.RequestMappingHandlerMapping : Mapped "{[/api/v1/movie/{id}],methods=[PUT]}" onto public org.springframework.http.ResponseEntity<?> com.stackroute.moviecruizer.controller.MovieController.updateMovie(java.lang.Integer,com.stackroute.moviecruizer.domain.Movie)
2018-10-15 11:25:35.156  INFO 7995 --- [main] s.w.s.m.m.a.RequestMappingHandlerMapping : Mapped "{[/api/v1/movie/{id}],methods=[GET]}" onto public org.springframework.http.ResponseEntity<?> com.stackroute.moviecruizer.controller.MovieController.fetchMovieById(int)
2018-10-15 11:25:35.157  INFO 7995 --- [main] s.w.s.m.m.a.RequestMappingHandlerMapping : Mapped "{[/api/v1/movie/{id}],methods=[DELETE]}" onto public org.springframework.http.ResponseEntity<?> com.stackroute.moviecruizer.controller.MovieController.deleteMovieById(int)
2018-10-15 11:25:35.169  INFO 7995 --- [main] s.w.s.m.m.a.RequestMappingHandlerMapping : Mapped "{[/swagger-resources/configuration/ui]}" onto public org.springframework.http.ResponseEntity<springfox.documentation.swagger.web.UiConfiguration> springfox.documentation.swagger.web.ApiResourceController.uiConfiguration()
2018-10-15 11:25:35.170  INFO 7995 --- [main] s.w.s.m.m.a.RequestMappingHandlerMapping : Mapped "{[/swagger-resources/configuration/security]}" onto public org.springframework.http.ResponseEntity<springfox.documentation.swagger.web.SecurityConfiguration> springfox.documentation.swagger.web.ApiResourceController.securityConfiguration()
2018-10-15 11:25:35.172  INFO 7995 --- [main] s.w.s.m.m.a.RequestMappingHandlerMapping : Mapped "{[/swagger-resources]}" onto public org.springframework.http.ResponseEntity<java.util.List<springfox.documentation.swagger.web.SwaggerResource>> springfox.documentation.swagger.web.ApiResourceController.swaggerResources()
2018-10-15 11:25:35.189  INFO 7995 --- [main] s.w.s.m.m.a.RequestMappingHandlerMapping : Mapped "{[/error],produces=[text/html]}" onto public org.springframework.web.servlet.ModelAndView org.springframework.boot.autoconfigure.web.servlet.error.BasicErrorController.errorHtml(javax.servlet.http.HttpServletRequest,javax.servlet.http.HttpServletResponse)
2018-10-15 11:25:35.190  INFO 7995 --- [main] s.w.s.m.m.a.RequestMappingHandlerMapping : Mapped "{[/error]}" onto public org.springframework.http.ResponseEntity<java.util.Map<java.lang.String, java.lang.Object>> org.springframework.boot.autoconfigure.web.servlet.error.BasicErrorController.error(javax.servlet.http.HttpServletRequest)
2018-10-15 11:25:35.610  INFO 7995 --- [main] pertySourcedRequestMappingHandlerMapping : Mapped URL path [/v2/api-docs] onto method [public org.springframework.http.ResponseEntity<springfox.documentation.spring.web.json.Json> springfox.documentation.swagger2.web.Swagger2Controller.getDocumentation(java.lang.String,javax.servlet.http.HttpServletRequest)]
2018-10-15 11:25:35.750  INFO 7995 --- [main] o.s.w.s.handler.SimpleUrlHandlerMapping  : Mapped URL path [/**/favicon.ico] onto handler of type [class org.springframework.web.servlet.resource.ResourceHttpRequestHandler]
2018-10-15 11:25:36.225  INFO 7995 --- [main] s.w.s.m.m.a.RequestMappingHandlerAdapter : Looking for @ControllerAdvice: org.springframework.boot.web.servlet.context.AnnotationConfigServletWebServerApplicationContext@19976a65: startup date [Mon Oct 15 11:25:30 IST 2018]; root of context hierarchy
2018-10-15 11:25:36.338  INFO 7995 --- [main] o.s.w.s.handler.SimpleUrlHandlerMapping  : Mapped URL path [/webjars/**] onto handler of type [class org.springframework.web.servlet.resource.ResourceHttpRequestHandler]
2018-10-15 11:25:36.338  INFO 7995 --- [main] o.s.w.s.handler.SimpleUrlHandlerMapping  : Mapped URL path [/**] onto handler of type [class org.springframework.web.servlet.resource.ResourceHttpRequestHandler]
2018-10-15 11:25:36.974  INFO 7995 --- [main] o.s.j.e.a.AnnotationMBeanExporter        : Registering beans for JMX exposure on startup
2018-10-15 11:25:37.024  INFO 7995 --- [main] o.s.c.support.DefaultLifecycleProcessor  : Starting beans in phase 2147483647
2018-10-15 11:25:37.025  INFO 7995 --- [main] d.s.w.p.DocumentationPluginsBootstrapper : Context refreshed
2018-10-15 11:25:37.091  INFO 7995 --- [main] d.s.w.p.DocumentationPluginsBootstrapper : Found 1 custom documentation plugin(s)
2018-10-15 11:25:37.171  INFO 7995 --- [main] s.d.s.w.s.ApiListingReferenceScanner     : Scanning for api listing references
2018-10-15 11:25:38.002  INFO 7995 --- [main] o.s.b.w.embedded.tomcat.TomcatWebServer  : Tomcat started on port(s): 8090 (http) with context path ''
2018-10-15 11:25:38.033  INFO 7995 --- [main] c.s.m.MoviecruizerApplication            : Started MoviecruizerApplication in 9.072 seconds (JVM running for 10.018)
2018-10-15 11:27:42.967  INFO 7995 --- [Thread-2] ConfigServletWebServerApplicationContext : Closing org.springframework.boot.web.servlet.context.AnnotationConfigServletWebServerApplicationContext@19976a65: startup date [Mon Oct 15 11:25:30 IST 2018]; root of context hierarchy
2018-10-15 11:27:42.981  INFO 7995 --- [Thread-2] o.s.c.support.DefaultLifecycleProcessor  : Stopping beans in phase 2147483647
2018-10-15 11:27:42.985  INFO 7995 --- [Thread-2] o.s.j.e.a.AnnotationMBeanExporter        : Unregistering JMX-exposed beans on shutdown
2018-10-15 11:31:29.278  INFO 9645 --- [main] c.s.m.MoviecruizerApplication            : Starting MoviecruizerApplication with PID 9645 (started by cgi in /home/cgi/Downloads/Movie MicroServices/moviecruizer)
2018-10-15 11:31:29.282  INFO 9645 --- [main] c.s.m.MoviecruizerApplication            : No active profile set, falling back to default profiles: default
2018-10-15 11:31:29.393  INFO 9645 --- [main] ConfigServletWebServerApplicationContext : Refreshing org.springframework.boot.web.servlet.context.AnnotationConfigServletWebServerApplicationContext@2f666ebb: startup date [Mon Oct 15 11:31:29 IST 2018]; root of context hierarchy
2018-10-15 11:31:32.331  INFO 9645 --- [main] o.s.b.w.embedded.tomcat.TomcatWebServer  : Tomcat initialized with port(s): 8090 (http)
2018-10-15 11:31:32.370  INFO 9645 --- [main] o.apache.catalina.core.StandardService   : Starting service [Tomcat]
2018-10-15 11:31:32.371  INFO 9645 --- [main] org.apache.catalina.core.StandardEngine  : Starting Servlet Engine: Apache Tomcat/8.5.34
2018-10-15 11:31:32.385  INFO 9645 --- [localhost-startStop-1] o.a.catalina.core.AprLifecycleListener   : The APR based Apache Tomcat Native library which allows optimal performance in production environments was not found on the java.library.path: [/usr/java/packages/lib:/usr/lib64:/lib64:/lib:/usr/lib]
2018-10-15 11:31:32.515  INFO 9645 --- [localhost-startStop-1] o.a.c.c.C.[Tomcat].[localhost].[/]       : Initializing Spring embedded WebApplicationContext
2018-10-15 11:31:32.516  INFO 9645 --- [localhost-startStop-1] o.s.web.context.ContextLoader            : Root WebApplicationContext: initialization completed in 3124 ms
2018-10-15 11:31:32.622  INFO 9645 --- [localhost-startStop-1] o.s.b.w.servlet.ServletRegistrationBean  : Servlet webdavServlet mapped to [/console/*]
2018-10-15 11:31:32.629  INFO 9645 --- [localhost-startStop-1] o.s.b.w.servlet.ServletRegistrationBean  : Servlet dispatcherServlet mapped to [/]
2018-10-15 11:31:32.633  INFO 9645 --- [localhost-startStop-1] o.s.b.w.servlet.FilterRegistrationBean   : Mapping filter: 'characterEncodingFilter' to: [/*]
2018-10-15 11:31:32.634  INFO 9645 --- [localhost-startStop-1] o.s.b.w.servlet.FilterRegistrationBean   : Mapping filter: 'hiddenHttpMethodFilter' to: [/*]
2018-10-15 11:31:32.635  INFO 9645 --- [localhost-startStop-1] o.s.b.w.servlet.FilterRegistrationBean   : Mapping filter: 'httpPutFormContentFilter' to: [/*]
2018-10-15 11:31:32.635  INFO 9645 --- [localhost-startStop-1] o.s.b.w.servlet.FilterRegistrationBean   : Mapping filter: 'requestContextFilter' to: [/*]
2018-10-15 11:31:33.051  INFO 9645 --- [main] org.mongodb.driver.cluster               : Cluster created with settings {hosts=[localhost:27017], mode=SINGLE, requiredClusterType=UNKNOWN, serverSelectionTimeout='30000 ms', maxWaitQueueSize=500}
2018-10-15 11:31:33.140  INFO 9645 --- [cluster-ClusterId{value='5bc42d3da8e8d325adc8bd72', description='null'}-localhost:27017] org.mongodb.driver.connection            : Opened connection [connectionId{localValue:1, serverValue:11}] to localhost:27017
2018-10-15 11:31:33.144  INFO 9645 --- [cluster-ClusterId{value='5bc42d3da8e8d325adc8bd72', description='null'}-localhost:27017] org.mongodb.driver.cluster               : Monitor thread successfully connected to server with description ServerDescription{address=localhost:27017, type=STANDALONE, state=CONNECTED, ok=true, version=ServerVersion{versionList=[3, 2, 21]}, minWireVersion=0, maxWireVersion=4, maxDocumentSize=16777216, logicalSessionTimeoutMinutes=null, roundTripTimeNanos=1899860}
2018-10-15 11:31:34.038  INFO 9645 --- [main] s.w.s.m.m.a.RequestMappingHandlerMapping : Mapped "{[/api/v1/movie],methods=[POST]}" onto public org.springframework.http.ResponseEntity<?> com.stackroute.moviecruizer.controller.MovieController.saveMovie(com.stackroute.moviecruizer.domain.Movie)
2018-10-15 11:31:34.039  INFO 9645 --- [main] s.w.s.m.m.a.RequestMappingHandlerMapping : Mapped "{[/api/v1/movie],methods=[GET]}" onto public org.springframework.http.ResponseEntity<?> com.stackroute.moviecruizer.controller.MovieController.getAllMovies()
2018-10-15 11:31:34.040  INFO 9645 --- [main] s.w.s.m.m.a.RequestMappingHandlerMapping : Mapped "{[/api/v1/movie/{id}],methods=[PUT]}" onto public org.springframework.http.ResponseEntity<?> com.stackroute.moviecruizer.controller.MovieController.updateMovie(java.lang.Integer,com.stackroute.moviecruizer.domain.Movie)
2018-10-15 11:31:34.041  INFO 9645 --- [main] s.w.s.m.m.a.RequestMappingHandlerMapping : Mapped "{[/api/v1/movie/{id}],methods=[GET]}" onto public org.springframework.http.ResponseEntity<?> com.stackroute.moviecruizer.controller.MovieController.fetchMovieById(int)
2018-10-15 11:31:34.041  INFO 9645 --- [main] s.w.s.m.m.a.RequestMappingHandlerMapping : Mapped "{[/api/v1/movie/{id}],methods=[DELETE]}" onto public org.springframework.http.ResponseEntity<?> com.stackroute.moviecruizer.controller.MovieController.deleteMovieById(int)
2018-10-15 11:31:34.049  INFO 9645 --- [main] s.w.s.m.m.a.RequestMappingHandlerMapping : Mapped "{[/swagger-resources/configuration/ui]}" onto public org.springframework.http.ResponseEntity<springfox.documentation.swagger.web.UiConfiguration> springfox.documentation.swagger.web.ApiResourceController.uiConfiguration()
2018-10-15 11:31:34.050  INFO 9645 --- [main] s.w.s.m.m.a.RequestMappingHandlerMapping : Mapped "{[/swagger-resources/configuration/security]}" onto public org.springframework.http.ResponseEntity<springfox.documentation.swagger.web.SecurityConfiguration> springfox.documentation.swagger.web.ApiResourceController.securityConfiguration()
2018-10-15 11:31:34.052  INFO 9645 --- [main] s.w.s.m.m.a.RequestMappingHandlerMapping : Mapped "{[/swagger-resources]}" onto public org.springframework.http.ResponseEntity<java.util.List<springfox.documentation.swagger.web.SwaggerResource>> springfox.documentation.swagger.web.ApiResourceController.swaggerResources()
2018-10-15 11:31:34.059  INFO 9645 --- [main] s.w.s.m.m.a.RequestMappingHandlerMapping : Mapped "{[/error]}" onto public org.springframework.http.ResponseEntity<java.util.Map<java.lang.String, java.lang.Object>> org.springframework.boot.autoconfigure.web.servlet.error.BasicErrorController.error(javax.servlet.http.HttpServletRequest)
2018-10-15 11:31:34.060  INFO 9645 --- [main] s.w.s.m.m.a.RequestMappingHandlerMapping : Mapped "{[/error],produces=[text/html]}" onto public org.springframework.web.servlet.ModelAndView org.springframework.boot.autoconfigure.web.servlet.error.BasicErrorController.errorHtml(javax.servlet.http.HttpServletRequest,javax.servlet.http.HttpServletResponse)
2018-10-15 11:31:34.200  INFO 9645 --- [main] pertySourcedRequestMappingHandlerMapping : Mapped URL path [/v2/api-docs] onto method [public org.springframework.http.ResponseEntity<springfox.documentation.spring.web.json.Json> springfox.documentation.swagger2.web.Swagger2Controller.getDocumentation(java.lang.String,javax.servlet.http.HttpServletRequest)]
2018-10-15 11:31:34.307  INFO 9645 --- [main] o.s.w.s.handler.SimpleUrlHandlerMapping  : Mapped URL path [/**/favicon.ico] onto handler of type [class org.springframework.web.servlet.resource.ResourceHttpRequestHandler]
2018-10-15 11:31:34.510  INFO 9645 --- [main] s.w.s.m.m.a.RequestMappingHandlerAdapter : Looking for @ControllerAdvice: org.springframework.boot.web.servlet.context.AnnotationConfigServletWebServerApplicationContext@2f666ebb: startup date [Mon Oct 15 11:31:29 IST 2018]; root of context hierarchy
2018-10-15 11:31:34.591  INFO 9645 --- [main] o.s.w.s.handler.SimpleUrlHandlerMapping  : Mapped URL path [/webjars/**] onto handler of type [class org.springframework.web.servlet.resource.ResourceHttpRequestHandler]
2018-10-15 11:31:34.592  INFO 9645 --- [main] o.s.w.s.handler.SimpleUrlHandlerMapping  : Mapped URL path [/**] onto handler of type [class org.springframework.web.servlet.resource.ResourceHttpRequestHandler]
2018-10-15 11:31:34.859  INFO 9645 --- [main] o.s.j.e.a.AnnotationMBeanExporter        : Registering beans for JMX exposure on startup
2018-10-15 11:31:34.875  INFO 9645 --- [main] o.s.c.support.DefaultLifecycleProcessor  : Starting beans in phase 2147483647
2018-10-15 11:31:34.876  INFO 9645 --- [main] d.s.w.p.DocumentationPluginsBootstrapper : Context refreshed
2018-10-15 11:31:34.907  INFO 9645 --- [main] d.s.w.p.DocumentationPluginsBootstrapper : Found 1 custom documentation plugin(s)
2018-10-15 11:31:34.953  INFO 9645 --- [main] s.d.s.w.s.ApiListingReferenceScanner     : Scanning for api listing references
2018-10-15 11:31:35.246  INFO 9645 --- [main] o.s.b.w.embedded.tomcat.TomcatWebServer  : Tomcat started on port(s): 8090 (http) with context path ''
2018-10-15 11:31:35.256  INFO 9645 --- [main] c.s.m.MoviecruizerApplication            : Started MoviecruizerApplication in 7.171 seconds (JVM running for 8.012)
2018-10-15 11:32:02.725  INFO 9645 --- [Thread-2] ConfigServletWebServerApplicationContext : Closing org.springframework.boot.web.servlet.context.AnnotationConfigServletWebServerApplicationContext@2f666ebb: startup date [Mon Oct 15 11:31:29 IST 2018]; root of context hierarchy
2018-10-15 11:32:02.730  INFO 9645 --- [Thread-2] o.s.c.support.DefaultLifecycleProcessor  : Stopping beans in phase 2147483647
2018-10-15 11:32:02.731  INFO 9645 --- [Thread-2] o.s.j.e.a.AnnotationMBeanExporter        : Unregistering JMX-exposed beans on shutdown
2018-10-15 11:32:18.839  INFO 9933 --- [main] c.s.m.MoviecruizerApplication            : Starting MoviecruizerApplication with PID 9933 (started by cgi in /home/cgi/Downloads/Movie MicroServices/moviecruizer)
2018-10-15 11:32:18.847  INFO 9933 --- [main] c.s.m.MoviecruizerApplication            : No active profile set, falling back to default profiles: default
2018-10-15 11:32:19.020  INFO 9933 --- [main] ConfigServletWebServerApplicationContext : Refreshing org.springframework.boot.web.servlet.context.AnnotationConfigServletWebServerApplicationContext@e25951c: startup date [Mon Oct 15 11:32:19 IST 2018]; root of context hierarchy
2018-10-15 11:32:25.057  INFO 9933 --- [main] o.s.b.w.embedded.tomcat.TomcatWebServer  : Tomcat initialized with port(s): 8090 (http)
2018-10-15 11:32:25.129  INFO 9933 --- [main] o.apache.catalina.core.StandardService   : Starting service [Tomcat]
2018-10-15 11:32:25.149  INFO 9933 --- [main] org.apache.catalina.core.StandardEngine  : Starting Servlet Engine: Apache Tomcat/8.5.34
2018-10-15 11:32:25.176  INFO 9933 --- [localhost-startStop-1] o.a.catalina.core.AprLifecycleListener   : The APR based Apache Tomcat Native library which allows optimal performance in production environments was not found on the java.library.path: [/usr/java/packages/lib:/usr/lib64:/lib64:/lib:/usr/lib]
2018-10-15 11:32:25.456  INFO 9933 --- [localhost-startStop-1] o.a.c.c.C.[Tomcat].[localhost].[/]       : Initializing Spring embedded WebApplicationContext
2018-10-15 11:32:25.457  INFO 9933 --- [localhost-startStop-1] o.s.web.context.ContextLoader            : Root WebApplicationContext: initialization completed in 6437 ms
2018-10-15 11:32:25.692  INFO 9933 --- [localhost-startStop-1] o.s.b.w.servlet.ServletRegistrationBean  : Servlet webdavServlet mapped to [/console/*]
2018-10-15 11:32:25.694  INFO 9933 --- [localhost-startStop-1] o.s.b.w.servlet.ServletRegistrationBean  : Servlet dispatcherServlet mapped to [/]
2018-10-15 11:32:25.708  INFO 9933 --- [localhost-startStop-1] o.s.b.w.servlet.FilterRegistrationBean   : Mapping filter: 'characterEncodingFilter' to: [/*]
2018-10-15 11:32:25.709  INFO 9933 --- [localhost-startStop-1] o.s.b.w.servlet.FilterRegistrationBean   : Mapping filter: 'hiddenHttpMethodFilter' to: [/*]
2018-10-15 11:32:25.734  INFO 9933 --- [localhost-startStop-1] o.s.b.w.servlet.FilterRegistrationBean   : Mapping filter: 'httpPutFormContentFilter' to: [/*]
2018-10-15 11:32:25.739  INFO 9933 --- [localhost-startStop-1] o.s.b.w.servlet.FilterRegistrationBean   : Mapping filter: 'requestContextFilter' to: [/*]
2018-10-15 11:32:26.614  INFO 9933 --- [main] org.mongodb.driver.cluster               : Cluster created with settings {hosts=[localhost:27017], mode=SINGLE, requiredClusterType=UNKNOWN, serverSelectionTimeout='30000 ms', maxWaitQueueSize=500}
2018-10-15 11:32:26.862  INFO 9933 --- [cluster-ClusterId{value='5bc42d72a8e8d326cd924e96', description='null'}-localhost:27017] org.mongodb.driver.connection            : Opened connection [connectionId{localValue:1, serverValue:12}] to localhost:27017
2018-10-15 11:32:26.871  INFO 9933 --- [cluster-ClusterId{value='5bc42d72a8e8d326cd924e96', description='null'}-localhost:27017] org.mongodb.driver.cluster               : Monitor thread successfully connected to server with description ServerDescription{address=localhost:27017, type=STANDALONE, state=CONNECTED, ok=true, version=ServerVersion{versionList=[3, 2, 21]}, minWireVersion=0, maxWireVersion=4, maxDocumentSize=16777216, logicalSessionTimeoutMinutes=null, roundTripTimeNanos=3303230}
2018-10-15 11:32:28.770  INFO 9933 --- [main] s.w.s.m.m.a.RequestMappingHandlerMapping : Mapped "{[/api/v1/movie],methods=[POST]}" onto public org.springframework.http.ResponseEntity<?> com.stackroute.moviecruizer.controller.MovieController.saveMovie(com.stackroute.moviecruizer.domain.Movie)
2018-10-15 11:32:28.773  INFO 9933 --- [main] s.w.s.m.m.a.RequestMappingHandlerMapping : Mapped "{[/api/v1/movie],methods=[GET]}" onto public org.springframework.http.ResponseEntity<?> com.stackroute.moviecruizer.controller.MovieController.getAllMovies()
2018-10-15 11:32:28.773  INFO 9933 --- [main] s.w.s.m.m.a.RequestMappingHandlerMapping : Mapped "{[/api/v1/movie/{id}],methods=[PUT]}" onto public org.springframework.http.ResponseEntity<?> com.stackroute.moviecruizer.controller.MovieController.updateMovie(java.lang.Integer,com.stackroute.moviecruizer.domain.Movie)
2018-10-15 11:32:28.779  INFO 9933 --- [main] s.w.s.m.m.a.RequestMappingHandlerMapping : Mapped "{[/api/v1/movie/{id}],methods=[GET]}" onto public org.springframework.http.ResponseEntity<?> com.stackroute.moviecruizer.controller.MovieController.fetchMovieById(int)
2018-10-15 11:32:28.780  INFO 9933 --- [main] s.w.s.m.m.a.RequestMappingHandlerMapping : Mapped "{[/api/v1/movie/{id}],methods=[DELETE]}" onto public org.springframework.http.ResponseEntity<?> com.stackroute.moviecruizer.controller.MovieController.deleteMovieById(int)
2018-10-15 11:32:28.801  INFO 9933 --- [main] s.w.s.m.m.a.RequestMappingHandlerMapping : Mapped "{[/swagger-resources/configuration/ui]}" onto public org.springframework.http.ResponseEntity<springfox.documentation.swagger.web.UiConfiguration> springfox.documentation.swagger.web.ApiResourceController.uiConfiguration()
2018-10-15 11:32:28.808  INFO 9933 --- [main] s.w.s.m.m.a.RequestMappingHandlerMapping : Mapped "{[/swagger-resources/configuration/security]}" onto public org.springframework.http.ResponseEntity<springfox.documentation.swagger.web.SecurityConfiguration> springfox.documentation.swagger.web.ApiResourceController.securityConfiguration()
2018-10-15 11:32:28.809  INFO 9933 --- [main] s.w.s.m.m.a.RequestMappingHandlerMapping : Mapped "{[/swagger-resources]}" onto public org.springframework.http.ResponseEntity<java.util.List<springfox.documentation.swagger.web.SwaggerResource>> springfox.documentation.swagger.web.ApiResourceController.swaggerResources()
2018-10-15 11:32:28.830  INFO 9933 --- [main] s.w.s.m.m.a.RequestMappingHandlerMapping : Mapped "{[/error]}" onto public org.springframework.http.ResponseEntity<java.util.Map<java.lang.String, java.lang.Object>> org.springframework.boot.autoconfigure.web.servlet.error.BasicErrorController.error(javax.servlet.http.HttpServletRequest)
2018-10-15 11:32:28.832  INFO 9933 --- [main] s.w.s.m.m.a.RequestMappingHandlerMapping : Mapped "{[/error],produces=[text/html]}" onto public org.springframework.web.servlet.ModelAndView org.springframework.boot.autoconfigure.web.servlet.error.BasicErrorController.errorHtml(javax.servlet.http.HttpServletRequest,javax.servlet.http.HttpServletResponse)
2018-10-15 11:32:29.185  INFO 9933 --- [main] pertySourcedRequestMappingHandlerMapping : Mapped URL path [/v2/api-docs] onto method [public org.springframework.http.ResponseEntity<springfox.documentation.spring.web.json.Json> springfox.documentation.swagger2.web.Swagger2Controller.getDocumentation(java.lang.String,javax.servlet.http.HttpServletRequest)]
2018-10-15 11:32:29.320  INFO 9933 --- [main] o.s.w.s.handler.SimpleUrlHandlerMapping  : Mapped URL path [/**/favicon.ico] onto handler of type [class org.springframework.web.servlet.resource.ResourceHttpRequestHandler]
2018-10-15 11:32:29.755  INFO 9933 --- [main] s.w.s.m.m.a.RequestMappingHandlerAdapter : Looking for @ControllerAdvice: org.springframework.boot.web.servlet.context.AnnotationConfigServletWebServerApplicationContext@e25951c: startup date [Mon Oct 15 11:32:19 IST 2018]; root of context hierarchy
2018-10-15 11:32:29.882  INFO 9933 --- [main] o.s.w.s.handler.SimpleUrlHandlerMapping  : Mapped URL path [/webjars/**] onto handler of type [class org.springframework.web.servlet.resource.ResourceHttpRequestHandler]
2018-10-15 11:32:29.883  INFO 9933 --- [main] o.s.w.s.handler.SimpleUrlHandlerMapping  : Mapped URL path [/**] onto handler of type [class org.springframework.web.servlet.resource.ResourceHttpRequestHandler]
2018-10-15 11:32:30.434  INFO 9933 --- [main] o.s.j.e.a.AnnotationMBeanExporter        : Registering beans for JMX exposure on startup
2018-10-15 11:32:30.471  INFO 9933 --- [main] o.s.c.support.DefaultLifecycleProcessor  : Starting beans in phase 2147483647
2018-10-15 11:32:30.471  INFO 9933 --- [main] d.s.w.p.DocumentationPluginsBootstrapper : Context refreshed
2018-10-15 11:32:30.541  INFO 9933 --- [main] d.s.w.p.DocumentationPluginsBootstrapper : Found 1 custom documentation plugin(s)
2018-10-15 11:32:30.650  INFO 9933 --- [main] s.d.s.w.s.ApiListingReferenceScanner     : Scanning for api listing references
2018-10-15 11:32:31.325  INFO 9933 --- [main] o.s.b.w.embedded.tomcat.TomcatWebServer  : Tomcat started on port(s): 8090 (http) with context path ''
2018-10-15 11:32:31.361  INFO 9933 --- [main] c.s.m.MoviecruizerApplication            : Started MoviecruizerApplication in 13.707 seconds (JVM running for 14.767)
2018-10-15 11:32:52.707  INFO 9933 --- [Thread-2] ConfigServletWebServerApplicationContext : Closing org.springframework.boot.web.servlet.context.AnnotationConfigServletWebServerApplicationContext@e25951c: startup date [Mon Oct 15 11:32:19 IST 2018]; root of context hierarchy
2018-10-15 11:32:52.710  INFO 9933 --- [Thread-2] o.s.c.support.DefaultLifecycleProcessor  : Stopping beans in phase 2147483647
2018-10-15 11:32:52.712  INFO 9933 --- [Thread-2] o.s.j.e.a.AnnotationMBeanExporter        : Unregistering JMX-exposed beans on shutdown
2018-10-15 11:32:57.106  INFO 10177 --- [main] c.s.m.MoviecruizerApplication            : Starting MoviecruizerApplication with PID 10177 (started by cgi in /home/cgi/Downloads/Movie MicroServices/moviecruizer)
2018-10-15 11:32:57.108  INFO 10177 --- [main] c.s.m.MoviecruizerApplication            : No active profile set, falling back to default profiles: default
2018-10-15 11:32:57.301  INFO 10177 --- [main] ConfigServletWebServerApplicationContext : Refreshing org.springframework.boot.web.servlet.context.AnnotationConfigServletWebServerApplicationContext@928763c: startup date [Mon Oct 15 11:32:57 IST 2018]; root of context hierarchy
2018-10-15 11:33:00.233  INFO 10177 --- [main] o.s.b.w.embedded.tomcat.TomcatWebServer  : Tomcat initialized with port(s): 8090 (http)
2018-10-15 11:33:00.269  INFO 10177 --- [main] o.apache.catalina.core.StandardService   : Starting service [Tomcat]
2018-10-15 11:33:00.270  INFO 10177 --- [main] org.apache.catalina.core.StandardEngine  : Starting Servlet Engine: Apache Tomcat/8.5.34
2018-10-15 11:33:00.281  INFO 10177 --- [localhost-startStop-1] o.a.catalina.core.AprLifecycleListener   : The APR based Apache Tomcat Native library which allows optimal performance in production environments was not found on the java.library.path: [/usr/java/packages/lib:/usr/lib64:/lib64:/lib:/usr/lib]
2018-10-15 11:33:00.404  INFO 10177 --- [localhost-startStop-1] o.a.c.c.C.[Tomcat].[localhost].[/]       : Initializing Spring embedded WebApplicationContext
2018-10-15 11:33:00.404  INFO 10177 --- [localhost-startStop-1] o.s.web.context.ContextLoader            : Root WebApplicationContext: initialization completed in 3103 ms
2018-10-15 11:33:00.492  INFO 10177 --- [localhost-startStop-1] o.s.b.w.servlet.ServletRegistrationBean  : Servlet webdavServlet mapped to [/console/*]
2018-10-15 11:33:00.495  INFO 10177 --- [localhost-startStop-1] o.s.b.w.servlet.ServletRegistrationBean  : Servlet dispatcherServlet mapped to [/]
2018-10-15 11:33:00.500  INFO 10177 --- [localhost-startStop-1] o.s.b.w.servlet.FilterRegistrationBean   : Mapping filter: 'characterEncodingFilter' to: [/*]
2018-10-15 11:33:00.500  INFO 10177 --- [localhost-startStop-1] o.s.b.w.servlet.FilterRegistrationBean   : Mapping filter: 'hiddenHttpMethodFilter' to: [/*]
2018-10-15 11:33:00.500  INFO 10177 --- [localhost-startStop-1] o.s.b.w.servlet.FilterRegistrationBean   : Mapping filter: 'httpPutFormContentFilter' to: [/*]
2018-10-15 11:33:00.501  INFO 10177 --- [localhost-startStop-1] o.s.b.w.servlet.FilterRegistrationBean   : Mapping filter: 'requestContextFilter' to: [/*]
2018-10-15 11:33:00.885  INFO 10177 --- [main] org.mongodb.driver.cluster               : Cluster created with settings {hosts=[localhost:27017], mode=SINGLE, requiredClusterType=UNKNOWN, serverSelectionTimeout='30000 ms', maxWaitQueueSize=500}
2018-10-15 11:33:00.983  INFO 10177 --- [cluster-ClusterId{value='5bc42d94a8e8d327c1de0569', description='null'}-localhost:27017] org.mongodb.driver.connection            : Opened connection [connectionId{localValue:1, serverValue:13}] to localhost:27017
2018-10-15 11:33:00.991  INFO 10177 --- [cluster-ClusterId{value='5bc42d94a8e8d327c1de0569', description='null'}-localhost:27017] org.mongodb.driver.cluster               : Monitor thread successfully connected to server with description ServerDescription{address=localhost:27017, type=STANDALONE, state=CONNECTED, ok=true, version=ServerVersion{versionList=[3, 2, 21]}, minWireVersion=0, maxWireVersion=4, maxDocumentSize=16777216, logicalSessionTimeoutMinutes=null, roundTripTimeNanos=4340926}
2018-10-15 11:33:01.888  INFO 10177 --- [main] s.w.s.m.m.a.RequestMappingHandlerMapping : Mapped "{[/api/v1/movie],methods=[POST]}" onto public org.springframework.http.ResponseEntity<?> com.stackroute.moviecruizer.controller.MovieController.saveMovie(com.stackroute.moviecruizer.domain.Movie)
2018-10-15 11:33:01.890  INFO 10177 --- [main] s.w.s.m.m.a.RequestMappingHandlerMapping : Mapped "{[/api/v1/movie],methods=[GET]}" onto public org.springframework.http.ResponseEntity<?> com.stackroute.moviecruizer.controller.MovieController.getAllMovies()
2018-10-15 11:33:01.891  INFO 10177 --- [main] s.w.s.m.m.a.RequestMappingHandlerMapping : Mapped "{[/api/v1/movie/{id}],methods=[PUT]}" onto public org.springframework.http.ResponseEntity<?> com.stackroute.moviecruizer.controller.MovieController.updateMovie(java.lang.Integer,com.stackroute.moviecruizer.domain.Movie)
2018-10-15 11:33:01.892  INFO 10177 --- [main] s.w.s.m.m.a.RequestMappingHandlerMapping : Mapped "{[/api/v1/movie/{id}],methods=[GET]}" onto public org.springframework.http.ResponseEntity<?> com.stackroute.moviecruizer.controller.MovieController.fetchMovieById(int)
2018-10-15 11:33:01.892  INFO 10177 --- [main] s.w.s.m.m.a.RequestMappingHandlerMapping : Mapped "{[/api/v1/movie/{id}],methods=[DELETE]}" onto public org.springframework.http.ResponseEntity<?> com.stackroute.moviecruizer.controller.MovieController.deleteMovieById(int)
2018-10-15 11:33:01.899  INFO 10177 --- [main] s.w.s.m.m.a.RequestMappingHandlerMapping : Mapped "{[/swagger-resources/configuration/security]}" onto public org.springframework.http.ResponseEntity<springfox.documentation.swagger.web.SecurityConfiguration> springfox.documentation.swagger.web.ApiResourceController.securityConfiguration()
2018-10-15 11:33:01.900  INFO 10177 --- [main] s.w.s.m.m.a.RequestMappingHandlerMapping : Mapped "{[/swagger-resources]}" onto public org.springframework.http.ResponseEntity<java.util.List<springfox.documentation.swagger.web.SwaggerResource>> springfox.documentation.swagger.web.ApiResourceController.swaggerResources()
2018-10-15 11:33:01.901  INFO 10177 --- [main] s.w.s.m.m.a.RequestMappingHandlerMapping : Mapped "{[/swagger-resources/configuration/ui]}" onto public org.springframework.http.ResponseEntity<springfox.documentation.swagger.web.UiConfiguration> springfox.documentation.swagger.web.ApiResourceController.uiConfiguration()
2018-10-15 11:33:01.908  INFO 10177 --- [main] s.w.s.m.m.a.RequestMappingHandlerMapping : Mapped "{[/error]}" onto public org.springframework.http.ResponseEntity<java.util.Map<java.lang.String, java.lang.Object>> org.springframework.boot.autoconfigure.web.servlet.error.BasicErrorController.error(javax.servlet.http.HttpServletRequest)
2018-10-15 11:33:01.909  INFO 10177 --- [main] s.w.s.m.m.a.RequestMappingHandlerMapping : Mapped "{[/error],produces=[text/html]}" onto public org.springframework.web.servlet.ModelAndView org.springframework.boot.autoconfigure.web.servlet.error.BasicErrorController.errorHtml(javax.servlet.http.HttpServletRequest,javax.servlet.http.HttpServletResponse)
2018-10-15 11:33:02.086  INFO 10177 --- [main] pertySourcedRequestMappingHandlerMapping : Mapped URL path [/v2/api-docs] onto method [public org.springframework.http.ResponseEntity<springfox.documentation.spring.web.json.Json> springfox.documentation.swagger2.web.Swagger2Controller.getDocumentation(java.lang.String,javax.servlet.http.HttpServletRequest)]
2018-10-15 11:33:02.176  INFO 10177 --- [main] o.s.w.s.handler.SimpleUrlHandlerMapping  : Mapped URL path [/**/favicon.ico] onto handler of type [class org.springframework.web.servlet.resource.ResourceHttpRequestHandler]
2018-10-15 11:33:02.370  INFO 10177 --- [main] s.w.s.m.m.a.RequestMappingHandlerAdapter : Looking for @ControllerAdvice: org.springframework.boot.web.servlet.context.AnnotationConfigServletWebServerApplicationContext@928763c: startup date [Mon Oct 15 11:32:57 IST 2018]; root of context hierarchy
2018-10-15 11:33:02.438  INFO 10177 --- [main] o.s.w.s.handler.SimpleUrlHandlerMapping  : Mapped URL path [/webjars/**] onto handler of type [class org.springframework.web.servlet.resource.ResourceHttpRequestHandler]
2018-10-15 11:33:02.439  INFO 10177 --- [main] o.s.w.s.handler.SimpleUrlHandlerMapping  : Mapped URL path [/**] onto handler of type [class org.springframework.web.servlet.resource.ResourceHttpRequestHandler]
2018-10-15 11:33:02.656  INFO 10177 --- [main] o.s.j.e.a.AnnotationMBeanExporter        : Registering beans for JMX exposure on startup
2018-10-15 11:33:02.670  INFO 10177 --- [main] o.s.c.support.DefaultLifecycleProcessor  : Starting beans in phase 2147483647
2018-10-15 11:33:02.670  INFO 10177 --- [main] d.s.w.p.DocumentationPluginsBootstrapper : Context refreshed
2018-10-15 11:33:02.719  INFO 10177 --- [main] d.s.w.p.DocumentationPluginsBootstrapper : Found 1 custom documentation plugin(s)
2018-10-15 11:33:02.763  INFO 10177 --- [main] s.d.s.w.s.ApiListingReferenceScanner     : Scanning for api listing references
2018-10-15 11:33:03.059  INFO 10177 --- [main] o.s.b.w.embedded.tomcat.TomcatWebServer  : Tomcat started on port(s): 8090 (http) with context path ''
2018-10-15 11:33:03.065  INFO 10177 --- [main] c.s.m.MoviecruizerApplication            : Started MoviecruizerApplication in 7.148 seconds (JVM running for 8.05)
2018-10-15 11:33:22.758  INFO 10177 --- [Thread-2] ConfigServletWebServerApplicationContext : Closing org.springframework.boot.web.servlet.context.AnnotationConfigServletWebServerApplicationContext@928763c: startup date [Mon Oct 15 11:32:57 IST 2018]; root of context hierarchy
2018-10-15 11:33:22.771  INFO 10177 --- [Thread-2] o.s.c.support.DefaultLifecycleProcessor  : Stopping beans in phase 2147483647
2018-10-15 11:33:22.776  INFO 10177 --- [Thread-2] o.s.j.e.a.AnnotationMBeanExporter        : Unregistering JMX-exposed beans on shutdown
2018-10-15 11:33:34.547  INFO 10419 --- [main] c.s.m.MoviecruizerApplication            : Starting MoviecruizerApplication on cgi-ethiraj with PID 10419 (started by cgi in /home/cgi/Downloads/Movie MicroServices/moviecruizer)
2018-10-15 11:33:34.550  INFO 10419 --- [main] c.s.m.MoviecruizerApplication            : No active profile set, falling back to default profiles: default
2018-10-15 11:33:34.686  INFO 10419 --- [main] ConfigServletWebServerApplicationContext : Refreshing org.springframework.boot.web.servlet.context.AnnotationConfigServletWebServerApplicationContext@15f47664: startup date [Mon Oct 15 11:33:34 IST 2018]; root of context hierarchy
2018-10-15 11:33:37.824  INFO 10419 --- [main] o.s.b.w.embedded.tomcat.TomcatWebServer  : Tomcat initialized with port(s): 8090 (http)
2018-10-15 11:33:37.862  INFO 10419 --- [main] o.apache.catalina.core.StandardService   : Starting service [Tomcat]
2018-10-15 11:33:37.862  INFO 10419 --- [main] org.apache.catalina.core.StandardEngine  : Starting Servlet Engine: Apache Tomcat/8.5.34
2018-10-15 11:33:37.877  INFO 10419 --- [localhost-startStop-1] o.a.catalina.core.AprLifecycleListener   : The APR based Apache Tomcat Native library which allows optimal performance in production environments was not found on the java.library.path: [/usr/java/packages/lib:/usr/lib64:/lib64:/lib:/usr/lib]
2018-10-15 11:33:38.009  INFO 10419 --- [localhost-startStop-1] o.a.c.c.C.[Tomcat].[localhost].[/]       : Initializing Spring embedded WebApplicationContext
2018-10-15 11:33:38.010  INFO 10419 --- [localhost-startStop-1] o.s.web.context.ContextLoader            : Root WebApplicationContext: initialization completed in 3324 ms
2018-10-15 11:33:38.101  INFO 10419 --- [localhost-startStop-1] o.s.b.w.servlet.ServletRegistrationBean  : Servlet webdavServlet mapped to [/console/*]
2018-10-15 11:33:38.102  INFO 10419 --- [localhost-startStop-1] o.s.b.w.servlet.ServletRegistrationBean  : Servlet dispatcherServlet mapped to [/]
2018-10-15 11:33:38.105  INFO 10419 --- [localhost-startStop-1] o.s.b.w.servlet.FilterRegistrationBean   : Mapping filter: 'characterEncodingFilter' to: [/*]
2018-10-15 11:33:38.106  INFO 10419 --- [localhost-startStop-1] o.s.b.w.servlet.FilterRegistrationBean   : Mapping filter: 'hiddenHttpMethodFilter' to: [/*]
2018-10-15 11:33:38.106  INFO 10419 --- [localhost-startStop-1] o.s.b.w.servlet.FilterRegistrationBean   : Mapping filter: 'httpPutFormContentFilter' to: [/*]
2018-10-15 11:33:38.106  INFO 10419 --- [localhost-startStop-1] o.s.b.w.servlet.FilterRegistrationBean   : Mapping filter: 'requestContextFilter' to: [/*]
2018-10-15 11:33:38.474  INFO 10419 --- [main] org.mongodb.driver.cluster               : Cluster created with settings {hosts=[localhost:27017], mode=SINGLE, requiredClusterType=UNKNOWN, serverSelectionTimeout='30000 ms', maxWaitQueueSize=500}
2018-10-15 11:33:38.540  INFO 10419 --- [cluster-ClusterId{value='5bc42dbaa8e8d328b370f07d', description='null'}-localhost:27017] org.mongodb.driver.connection            : Opened connection [connectionId{localValue:1, serverValue:14}] to localhost:27017
2018-10-15 11:33:38.544  INFO 10419 --- [cluster-ClusterId{value='5bc42dbaa8e8d328b370f07d', description='null'}-localhost:27017] org.mongodb.driver.cluster               : Monitor thread successfully connected to server with description ServerDescription{address=localhost:27017, type=STANDALONE, state=CONNECTED, ok=true, version=ServerVersion{versionList=[3, 2, 21]}, minWireVersion=0, maxWireVersion=4, maxDocumentSize=16777216, logicalSessionTimeoutMinutes=null, roundTripTimeNanos=1425118}
2018-10-15 11:33:39.413  INFO 10419 --- [main] s.w.s.m.m.a.RequestMappingHandlerMapping : Mapped "{[/api/v1/movie],methods=[POST]}" onto public org.springframework.http.ResponseEntity<?> com.stackroute.moviecruizer.controller.MovieController.saveMovie(com.stackroute.moviecruizer.domain.Movie)
2018-10-15 11:33:39.414  INFO 10419 --- [main] s.w.s.m.m.a.RequestMappingHandlerMapping : Mapped "{[/api/v1/movie],methods=[GET]}" onto public org.springframework.http.ResponseEntity<?> com.stackroute.moviecruizer.controller.MovieController.getAllMovies()
2018-10-15 11:33:39.415  INFO 10419 --- [main] s.w.s.m.m.a.RequestMappingHandlerMapping : Mapped "{[/api/v1/movie/{id}],methods=[PUT]}" onto public org.springframework.http.ResponseEntity<?> com.stackroute.moviecruizer.controller.MovieController.updateMovie(java.lang.Integer,com.stackroute.moviecruizer.domain.Movie)
2018-10-15 11:33:39.415  INFO 10419 --- [main] s.w.s.m.m.a.RequestMappingHandlerMapping : Mapped "{[/api/v1/movie/{id}],methods=[GET]}" onto public org.springframework.http.ResponseEntity<?> com.stackroute.moviecruizer.controller.MovieController.fetchMovieById(int)
2018-10-15 11:33:39.416  INFO 10419 --- [main] s.w.s.m.m.a.RequestMappingHandlerMapping : Mapped "{[/api/v1/movie/{id}],methods=[DELETE]}" onto public org.springframework.http.ResponseEntity<?> com.stackroute.moviecruizer.controller.MovieController.deleteMovieById(int)
2018-10-15 11:33:39.421  INFO 10419 --- [main] s.w.s.m.m.a.RequestMappingHandlerMapping : Mapped "{[/swagger-resources/configuration/ui]}" onto public org.springframework.http.ResponseEntity<springfox.documentation.swagger.web.UiConfiguration> springfox.documentation.swagger.web.ApiResourceController.uiConfiguration()
2018-10-15 11:33:39.422  INFO 10419 --- [main] s.w.s.m.m.a.RequestMappingHandlerMapping : Mapped "{[/swagger-resources/configuration/security]}" onto public org.springframework.http.ResponseEntity<springfox.documentation.swagger.web.SecurityConfiguration> springfox.documentation.swagger.web.ApiResourceController.securityConfiguration()
2018-10-15 11:33:39.423  INFO 10419 --- [main] s.w.s.m.m.a.RequestMappingHandlerMapping : Mapped "{[/swagger-resources]}" onto public org.springframework.http.ResponseEntity<java.util.List<springfox.documentation.swagger.web.SwaggerResource>> springfox.documentation.swagger.web.ApiResourceController.swaggerResources()
2018-10-15 11:33:39.429  INFO 10419 --- [main] s.w.s.m.m.a.RequestMappingHandlerMapping : Mapped "{[/error],produces=[text/html]}" onto public org.springframework.web.servlet.ModelAndView org.springframework.boot.autoconfigure.web.servlet.error.BasicErrorController.errorHtml(javax.servlet.http.HttpServletRequest,javax.servlet.http.HttpServletResponse)
2018-10-15 11:33:39.430  INFO 10419 --- [main] s.w.s.m.m.a.RequestMappingHandlerMapping : Mapped "{[/error]}" onto public org.springframework.http.ResponseEntity<java.util.Map<java.lang.String, java.lang.Object>> org.springframework.boot.autoconfigure.web.servlet.error.BasicErrorController.error(javax.servlet.http.HttpServletRequest)
2018-10-15 11:33:39.604  INFO 10419 --- [main] pertySourcedRequestMappingHandlerMapping : Mapped URL path [/v2/api-docs] onto method [public org.springframework.http.ResponseEntity<springfox.documentation.spring.web.json.Json> springfox.documentation.swagger2.web.Swagger2Controller.getDocumentation(java.lang.String,javax.servlet.http.HttpServletRequest)]
2018-10-15 11:33:39.729  INFO 10419 --- [main] o.s.w.s.handler.SimpleUrlHandlerMapping  : Mapped URL path [/**/favicon.ico] onto handler of type [class org.springframework.web.servlet.resource.ResourceHttpRequestHandler]
2018-10-15 11:33:39.989  INFO 10419 --- [main] s.w.s.m.m.a.RequestMappingHandlerAdapter : Looking for @ControllerAdvice: org.springframework.boot.web.servlet.context.AnnotationConfigServletWebServerApplicationContext@15f47664: startup date [Mon Oct 15 11:33:34 IST 2018]; root of context hierarchy
2018-10-15 11:33:40.051  INFO 10419 --- [main] o.s.w.s.handler.SimpleUrlHandlerMapping  : Mapped URL path [/webjars/**] onto handler of type [class org.springframework.web.servlet.resource.ResourceHttpRequestHandler]
2018-10-15 11:33:40.052  INFO 10419 --- [main] o.s.w.s.handler.SimpleUrlHandlerMapping  : Mapped URL path [/**] onto handler of type [class org.springframework.web.servlet.resource.ResourceHttpRequestHandler]
2018-10-15 11:33:40.246  INFO 10419 --- [main] o.s.j.e.a.AnnotationMBeanExporter        : Registering beans for JMX exposure on startup
2018-10-15 11:33:40.258  INFO 10419 --- [main] o.s.c.support.DefaultLifecycleProcessor  : Starting beans in phase 2147483647
2018-10-15 11:33:40.259  INFO 10419 --- [main] d.s.w.p.DocumentationPluginsBootstrapper : Context refreshed
2018-10-15 11:33:40.283  INFO 10419 --- [main] d.s.w.p.DocumentationPluginsBootstrapper : Found 1 custom documentation plugin(s)
2018-10-15 11:33:40.323  INFO 10419 --- [main] s.d.s.w.s.ApiListingReferenceScanner     : Scanning for api listing references
2018-10-15 11:33:40.618  INFO 10419 --- [main] o.s.b.w.embedded.tomcat.TomcatWebServer  : Tomcat started on port(s): 8090 (http) with context path ''
2018-10-15 11:33:40.624  INFO 10419 --- [main] c.s.m.MoviecruizerApplication            : Started MoviecruizerApplication in 7.503 seconds (JVM running for 8.572)
2018-10-15 11:34:08.616  INFO 10419 --- [Thread-2] ConfigServletWebServerApplicationContext : Closing org.springframework.boot.web.servlet.context.AnnotationConfigServletWebServerApplicationContext@15f47664: startup date [Mon Oct 15 11:33:34 IST 2018]; root of context hierarchy
2018-10-15 11:34:08.619  INFO 10419 --- [Thread-2] o.s.c.support.DefaultLifecycleProcessor  : Stopping beans in phase 2147483647
2018-10-15 11:34:08.620  INFO 10419 --- [Thread-2] o.s.j.e.a.AnnotationMBeanExporter        : Unregistering JMX-exposed beans on shutdown
